{
  "RSpec": {
    "coverage": {
      "/home/ubuntu/workspace/lpp_t_31_prct010/lib/examen/lista.rb": [
        1,
        null,
        1,
        null,
        null,
        1,
        null,
        1,
        null,
        1,
        null,
        1,
        134,
        null,
        null,
        null,
        null,
        1,
        null,
        1,
        null,
        1,
        null,
        1,
        19,
        19,
        null,
        null,
        1,
        1,
        2,
        0,
        0,
        null,
        null,
        null,
        1,
        1,
        4,
        2,
        2,
        null,
        null,
        null,
        1,
        1,
        null,
        null,
        1,
        67,
        33,
        33,
        null,
        34,
        34,
        34,
        34,
        null,
        null,
        null,
        1,
        1,
        0,
        0,
        0,
        0,
        0,
        null,
        1,
        1,
        null,
        null,
        null,
        1,
        6,
        6,
        6,
        null,
        0,
        0,
        0,
        null,
        null,
        null,
        1,
        1,
        0,
        0,
        0,
        0,
        0,
        null,
        1,
        1,
        null,
        null,
        null,
        1,
        0,
        0,
        0,
        0,
        0,
        null,
        0,
        null,
        null,
        null,
        null,
        1,
        null,
        1,
        null,
        1,
        84,
        84,
        null,
        null,
        1,
        6,
        null,
        null,
        1,
        0,
        0,
        0,
        0,
        null,
        0,
        null,
        null,
        null,
        null,
        null,
        1,
        null,
        1,
        null,
        1,
        46,
        46,
        null,
        null,
        1,
        5,
        null,
        null,
        1,
        0,
        0,
        0,
        0,
        null,
        0,
        null,
        null,
        1,
        0,
        0,
        null,
        0,
        null,
        null,
        null,
        null,
        null,
        1,
        null,
        1,
        null,
        1,
        8,
        8,
        8,
        null,
        null,
        1,
        3,
        3,
        3,
        15,
        10,
        null,
        5,
        null,
        15,
        15,
        null,
        null,
        3,
        2,
        null,
        1,
        null,
        null,
        null,
        null,
        null,
        1,
        null,
        1,
        null,
        1,
        null,
        1,
        9,
        null,
        null,
        1,
        0,
        0,
        null,
        null,
        null,
        1,
        1,
        1,
        2,
        null,
        1,
        null,
        null,
        1,
        0,
        0,
        0,
        0,
        0,
        null,
        null,
        null,
        null,
        null,
        null,
        null,
        null
      ]
    },
    "timestamp": 1417205851
  }
}
